<?xml version="1.0" encoding="UTF-8"?>
<testsuite name="project.group.LibraryTest" tests="1" skipped="0" failures="0" errors="0" timestamp="2019-10-01T14:33:28" hostname="Yoans-Computer.local" time="0.001">
  <properties/>
  <testcase name="testSomeLibraryMethod" classname="project.group.LibraryTest" time="0.001"/>
  <system-out><![CDATA[]]></system-out>
  <system-err><![CDATA[]]></system-err>
</testsuite>
